[debug] [2018-01-11T04:54:38.663Z] ----------------------------------------------------------------------
[debug] [2018-01-11T04:54:38.665Z] Command:       /usr/local/bin/node /usr/local/bin/firebase serve
[debug] [2018-01-11T04:54:38.666Z] CLI Version:   3.16.0
[debug] [2018-01-11T04:54:38.666Z] Platform:      darwin
[debug] [2018-01-11T04:54:38.666Z] Node Version:  v6.11.4
[debug] [2018-01-11T04:54:38.667Z] Time:          Wed Jan 10 2018 20:54:38 GMT-0800 (PST)
[debug] [2018-01-11T04:54:38.667Z] ----------------------------------------------------------------------
[debug] 
[debug] [2018-01-11T04:54:38.680Z] > command requires scopes: ["email","openid","https://www.googleapis.com/auth/cloudplatformprojects.readonly","https://www.googleapis.com/auth/firebase","https://www.googleapis.com/auth/cloud-platform"]
[debug] [2018-01-11T04:54:38.680Z] > authorizing via signed-in user
[debug] [2018-01-11T04:54:38.682Z] > refreshing access token with scopes: ["email","https://www.googleapis.com/auth/cloud-platform","https://www.googleapis.com/auth/cloudplatformprojects.readonly","https://www.googleapis.com/auth/firebase","openid"]
[debug] [2018-01-11T04:54:38.683Z] >>> HTTP REQUEST POST https://www.googleapis.com/oauth2/v3/token  
 { refresh_token: '1/O9Xt8fxsf1aptXIlJTrtrBfUrNNyGyEVf2-gbXKjOz4',
  client_id: '563584335869-fgrhgmd47bqnekij5i8b5pr03ho849e6.apps.googleusercontent.com',
  client_secret: 'j9iVZfS8kkCEFUPaAeJV0sAi',
  grant_type: 'refresh_token',
  scope: 'email https://www.googleapis.com/auth/cloud-platform https://www.googleapis.com/auth/cloudplatformprojects.readonly https://www.googleapis.com/auth/firebase openid' } 
 Wed Jan 10 2018 20:54:38 GMT-0800 (PST)
[debug] [2018-01-11T04:54:39.092Z] <<< HTTP RESPONSE 200
[debug] [2018-01-11T04:54:39.107Z] >>> HTTP REQUEST GET https://admin.firebase.com/v1/projects/berlin-83c24  
  
 Wed Jan 10 2018 20:54:39 GMT-0800 (PST)
[debug] [2018-01-11T04:54:39.676Z] <<< HTTP RESPONSE 200
[debug] [2018-01-11T04:54:39.677Z] >>> HTTP REQUEST GET https://admin.firebase.com/v1/database/berlin-83c24/tokens  
  
 Wed Jan 10 2018 20:54:39 GMT-0800 (PST)
[debug] [2018-01-11T04:54:40.289Z] <<< HTTP RESPONSE 200
[info] 
[info] === Serving from '/Users/taoong/Desktop/Projects/Websites/berlin-paint'...
[info] 
[debug] [2018-01-11T04:54:40.293Z] >>> HTTP REQUEST GET https://cloudresourcemanager.googleapis.com/v1/projects/berlin-83c24  
  
 Wed Jan 10 2018 20:54:40 GMT-0800 (PST)
[debug] [2018-01-11T04:54:40.903Z] <<< HTTP RESPONSE 200
[debug] [2018-01-11T04:54:40.904Z] >>> HTTP REQUEST GET https://mobilesdk-pa.googleapis.com/v1/projects/301683329371/clients/_:getWebAppConfig  
  
 Wed Jan 10 2018 20:54:40 GMT-0800 (PST)
[debug] [2018-01-11T04:54:41.517Z] <<< HTTP RESPONSE 200
[info] i  hosting: Serving hosting files from: public
[info] ✔  hosting: Local server: http://localhost:5000

