[debug] [2018-02-06T22:31:41.969Z] ----------------------------------------------------------------------
[debug] [2018-02-06T22:31:41.973Z] Command:       /usr/local/bin/node /usr/local/bin/firebase serve
[debug] [2018-02-06T22:31:41.973Z] CLI Version:   3.16.0
[debug] [2018-02-06T22:31:41.973Z] Platform:      darwin
[debug] [2018-02-06T22:31:41.973Z] Node Version:  v6.11.4
[debug] [2018-02-06T22:31:41.974Z] Time:          Tue Feb 06 2018 14:31:41 GMT-0800 (PST)
[debug] [2018-02-06T22:31:41.974Z] ----------------------------------------------------------------------
[debug] 
[debug] [2018-02-06T22:31:41.992Z] > command requires scopes: ["email","openid","https://www.googleapis.com/auth/cloudplatformprojects.readonly","https://www.googleapis.com/auth/firebase","https://www.googleapis.com/auth/cloud-platform"]
[debug] [2018-02-06T22:31:41.993Z] > authorizing via signed-in user
[debug] [2018-02-06T22:31:41.995Z] > refreshing access token with scopes: ["email","https://www.googleapis.com/auth/cloud-platform","https://www.googleapis.com/auth/cloudplatformprojects.readonly","https://www.googleapis.com/auth/firebase","openid"]
[debug] [2018-02-06T22:31:41.996Z] >>> HTTP REQUEST POST https://www.googleapis.com/oauth2/v3/token  
 { refresh_token: '1/O9Xt8fxsf1aptXIlJTrtrBfUrNNyGyEVf2-gbXKjOz4',
  client_id: '563584335869-fgrhgmd47bqnekij5i8b5pr03ho849e6.apps.googleusercontent.com',
  client_secret: 'j9iVZfS8kkCEFUPaAeJV0sAi',
  grant_type: 'refresh_token',
  scope: 'email https://www.googleapis.com/auth/cloud-platform https://www.googleapis.com/auth/cloudplatformprojects.readonly https://www.googleapis.com/auth/firebase openid' } 
 Tue Feb 06 2018 14:31:41 GMT-0800 (PST)
[debug] [2018-02-06T22:31:42.156Z] <<< HTTP RESPONSE 200
[debug] [2018-02-06T22:31:42.173Z] >>> HTTP REQUEST GET https://admin.firebase.com/v1/projects/berlin-83c24  
  
 Tue Feb 06 2018 14:31:42 GMT-0800 (PST)
[debug] [2018-02-06T22:31:42.541Z] <<< HTTP RESPONSE 200
[debug] [2018-02-06T22:31:42.543Z] >>> HTTP REQUEST GET https://admin.firebase.com/v1/database/berlin-83c24/tokens  
  
 Tue Feb 06 2018 14:31:42 GMT-0800 (PST)
[debug] [2018-02-06T22:31:42.998Z] <<< HTTP RESPONSE 200
[info] 
[info] === Serving from '/Users/taoong/Desktop/Projects/Websites/berlin-paint'...
[info] 
[debug] [2018-02-06T22:31:43.006Z] >>> HTTP REQUEST GET https://cloudresourcemanager.googleapis.com/v1/projects/berlin-83c24  
  
 Tue Feb 06 2018 14:31:43 GMT-0800 (PST)
[debug] [2018-02-06T22:31:43.166Z] <<< HTTP RESPONSE 200
[debug] [2018-02-06T22:31:43.166Z] >>> HTTP REQUEST GET https://mobilesdk-pa.googleapis.com/v1/projects/301683329371/clients/_:getWebAppConfig  
  
 Tue Feb 06 2018 14:31:43 GMT-0800 (PST)
[debug] [2018-02-06T22:31:43.509Z] <<< HTTP RESPONSE 200
[info] i  hosting: Serving hosting files from: public
[info] ✔  hosting: Local server: http://localhost:5000

