[debug] [2018-01-16T14:35:41.611Z] ----------------------------------------------------------------------
[debug] [2018-01-16T14:35:41.614Z] Command:       /usr/local/bin/node /usr/local/bin/firebase serve
[debug] [2018-01-16T14:35:41.614Z] CLI Version:   3.16.0
[debug] [2018-01-16T14:35:41.614Z] Platform:      darwin
[debug] [2018-01-16T14:35:41.614Z] Node Version:  v6.11.4
[debug] [2018-01-16T14:35:41.615Z] Time:          Tue Jan 16 2018 06:35:41 GMT-0800 (PST)
[debug] [2018-01-16T14:35:41.615Z] ----------------------------------------------------------------------
[debug] 
[debug] [2018-01-16T14:35:41.627Z] > command requires scopes: ["email","openid","https://www.googleapis.com/auth/cloudplatformprojects.readonly","https://www.googleapis.com/auth/firebase","https://www.googleapis.com/auth/cloud-platform"]
[debug] [2018-01-16T14:35:41.627Z] > authorizing via signed-in user
[debug] [2018-01-16T14:35:41.630Z] >>> HTTP REQUEST GET https://admin.firebase.com/v1/projects/berlin-83c24  
  
 Tue Jan 16 2018 06:35:41 GMT-0800 (PST)
[debug] [2018-01-16T14:35:42.142Z] <<< HTTP RESPONSE 200
[debug] [2018-01-16T14:35:42.143Z] >>> HTTP REQUEST GET https://admin.firebase.com/v1/database/berlin-83c24/tokens  
  
 Tue Jan 16 2018 06:35:42 GMT-0800 (PST)
[debug] [2018-01-16T14:35:42.599Z] <<< HTTP RESPONSE 200
[info] 
[info] === Serving from '/Users/taoong/Desktop/Projects/Websites/berlin-paint'...
[info] 
[debug] [2018-01-16T14:35:42.603Z] >>> HTTP REQUEST GET https://cloudresourcemanager.googleapis.com/v1/projects/berlin-83c24  
  
 Tue Jan 16 2018 06:35:42 GMT-0800 (PST)
[debug] [2018-01-16T14:35:43.110Z] <<< HTTP RESPONSE 200
[debug] [2018-01-16T14:35:43.110Z] >>> HTTP REQUEST GET https://mobilesdk-pa.googleapis.com/v1/projects/301683329371/clients/_:getWebAppConfig  
  
 Tue Jan 16 2018 06:35:43 GMT-0800 (PST)
[debug] [2018-01-16T14:35:43.621Z] <<< HTTP RESPONSE 200
[info] i  hosting: Serving hosting files from: public
[info] ✔  hosting: Local server: http://localhost:5000

